[scatter]   proc 1 sent   sum=54.369192
[scatter]   proc 2 sent   sum=43.367972
[scatter]   proc 0 sent   sum=54.682481
[scatter]   proc 2 recved sum=54.682481 from 0
[scatter]   proc 1 recved sum=54.682481 from 0
[scatter]   proc 2 recved sum=54.369192 from 1
[scatter]   proc 1 recved sum=43.367972 from 2
[gather]    proc 1 sent   sum=54.369192
[gather]    proc 2 sent   sum=43.367972
[scatter]   proc 0 recved sum=54.369192 from 1
[scatter]   proc 0 recved sum=43.367972 from 2
[gather]    proc 0 sent   sum=54.682481
[gather]    proc 0 recved sum=54.369192 from 1
[gather]    proc 0 recved sum=43.367972 from 2
[allgather] proc 0 sent   sum=54.682481
[gather]    proc 1 recved sum=54.682481 from 0
[gather]    proc 1 recved sum=43.367972 from 2
[allgather] proc 1 sent   sum=54.369192
[allgather] proc 1 recved sum=54.682481 from 0
[allgather] proc 1 recved sum=43.367972 from 2
[alltoall]  proc 1 sent   sum=54.369192
[allgather] proc 0 recved sum=54.369192 from 1
[allgather] proc 0 recved sum=43.367972 from 2
[gather]    proc 2 recved sum=54.682481 from 0
[gather]    proc 2 recved sum=54.369192 from 1
[allgather] proc 2 sent   sum=43.367972
[allgather] proc 2 recved sum=54.682481 from 0
[allgather] proc 2 recved sum=54.369192 from 1
[alltoall]  proc 2 sent   sum=43.367972
[alltoall]  proc 0 sent   sum=54.682481
[alltoall]  proc 1 recved sum=54.682481 from 0
[alltoall]  proc 1 recved sum=43.367972 from 2
[alltoall]  proc 0 recved sum=54.369192 from 1
[alltoall]  proc 2 recved sum=54.682481 from 0
[alltoall]  proc 2 recved sum=54.369192 from 1
[alltoall]  proc 0 recved sum=43.367972 from 2
